2020-12-10 14:18:45,553 [myid:] - INFO  [main:QuorumPeerConfig@174] - Reading configuration from: /mnt/d/Uni/4ano1Semestre/SIRS/Projeto/SIRS-Project/apache-zookeeper-3.6.2-bin/bin/../conf/zoo.cfg
2020-12-10 14:18:45,564 [myid:] - INFO  [main:QuorumPeerConfig@460] - clientPortAddress is 0.0.0.0:2181
2020-12-10 14:18:45,564 [myid:] - INFO  [main:QuorumPeerConfig@464] - secureClientPort is not set
2020-12-10 14:18:45,564 [myid:] - INFO  [main:QuorumPeerConfig@480] - observerMasterPort is not set
2020-12-10 14:18:45,564 [myid:] - INFO  [main:QuorumPeerConfig@497] - metricsProvider.className is org.apache.zookeeper.metrics.impl.DefaultMetricsProvider
2020-12-10 14:18:45,566 [myid:] - INFO  [main:DatadirCleanupManager@78] - autopurge.snapRetainCount set to 3
2020-12-10 14:18:45,566 [myid:] - INFO  [main:DatadirCleanupManager@79] - autopurge.purgeInterval set to 0
2020-12-10 14:18:45,567 [myid:] - INFO  [main:DatadirCleanupManager@101] - Purge task is not scheduled.
2020-12-10 14:18:45,567 [myid:] - WARN  [main:QuorumPeerMain@138] - Either no config or no quorum defined in config, running in standalone mode
2020-12-10 14:18:45,570 [myid:] - INFO  [main:ManagedUtil@44] - Log4j 1.2 jmx support found and enabled.
2020-12-10 14:18:45,576 [myid:] - INFO  [main:QuorumPeerConfig@174] - Reading configuration from: /mnt/d/Uni/4ano1Semestre/SIRS/Projeto/SIRS-Project/apache-zookeeper-3.6.2-bin/bin/../conf/zoo.cfg
2020-12-10 14:18:45,577 [myid:] - INFO  [main:QuorumPeerConfig@460] - clientPortAddress is 0.0.0.0:2181
2020-12-10 14:18:45,577 [myid:] - INFO  [main:QuorumPeerConfig@464] - secureClientPort is not set
2020-12-10 14:18:45,577 [myid:] - INFO  [main:QuorumPeerConfig@480] - observerMasterPort is not set
2020-12-10 14:18:45,577 [myid:] - INFO  [main:QuorumPeerConfig@497] - metricsProvider.className is org.apache.zookeeper.metrics.impl.DefaultMetricsProvider
2020-12-10 14:18:45,577 [myid:] - INFO  [main:ZooKeeperServerMain@122] - Starting server
2020-12-10 14:18:45,590 [myid:] - INFO  [main:ServerMetrics@62] - ServerMetrics initialized with provider org.apache.zookeeper.metrics.impl.DefaultMetricsProvider@551bdc27
2020-12-10 14:18:45,594 [myid:] - INFO  [main:FileTxnSnapLog@124] - zookeeper.snapshot.trust.empty : false
2020-12-10 14:18:45,602 [myid:] - INFO  [main:ZookeeperBanner@42] - 
2020-12-10 14:18:45,602 [myid:] - INFO  [main:ZookeeperBanner@42] -   ______                  _                                          
2020-12-10 14:18:45,602 [myid:] - INFO  [main:ZookeeperBanner@42] -  |___  /                 | |                                         
2020-12-10 14:18:45,603 [myid:] - INFO  [main:ZookeeperBanner@42] -     / /    ___     ___   | | __   ___    ___   _ __     ___   _ __   
2020-12-10 14:18:45,603 [myid:] - INFO  [main:ZookeeperBanner@42] -    / /    / _ \   / _ \  | |/ /  / _ \  / _ \ | '_ \   / _ \ | '__|
2020-12-10 14:18:45,603 [myid:] - INFO  [main:ZookeeperBanner@42] -   / /__  | (_) | | (_) | |   <  |  __/ |  __/ | |_) | |  __/ | |    
2020-12-10 14:18:45,603 [myid:] - INFO  [main:ZookeeperBanner@42] -  /_____|  \___/   \___/  |_|\_\  \___|  \___| | .__/   \___| |_|
2020-12-10 14:18:45,603 [myid:] - INFO  [main:ZookeeperBanner@42] -                                               | |                     
2020-12-10 14:18:45,603 [myid:] - INFO  [main:ZookeeperBanner@42] -                                               |_|                     
2020-12-10 14:18:45,603 [myid:] - INFO  [main:ZookeeperBanner@42] - 
2020-12-10 14:18:45,605 [myid:] - INFO  [main:Environment@98] - Server environment:zookeeper.version=3.6.2--803c7f1a12f85978cb049af5e4ef23bd8b688715, built on 09/04/2020 12:44 GMT
2020-12-10 14:18:45,605 [myid:] - INFO  [main:Environment@98] - Server environment:host.name=MonstersINC.localdomain
2020-12-10 14:18:45,605 [myid:] - INFO  [main:Environment@98] - Server environment:java.version=14
2020-12-10 14:18:45,605 [myid:] - INFO  [main:Environment@98] - Server environment:java.vendor=Oracle Corporation
2020-12-10 14:18:45,605 [myid:] - INFO  [main:Environment@98] - Server environment:java.home=/usr/lib/jvm/jdk-14
2020-12-10 14:18:45,605 [myid:] - INFO  [main:Environment@98] - Server environment:java.class.path=/mnt/d/Uni/4ano1Semestre/SIRS/Projeto/SIRS-Project/apache-zookeeper-3.6.2-bin/bin/../zookeeper-server/target/classes:/mnt/d/Uni/4ano1Semestre/SIRS/Projeto/SIRS-Project/apache-zookeeper-3.6.2-bin/bin/../build/classes:/mnt/d/Uni/4ano1Semestre/SIRS/Projeto/SIRS-Project/apache-zookeeper-3.6.2-bin/bin/../zookeeper-server/target/lib/*.jar:/mnt/d/Uni/4ano1Semestre/SIRS/Projeto/SIRS-Project/apache-zookeeper-3.6.2-bin/bin/../build/lib/*.jar:/mnt/d/Uni/4ano1Semestre/SIRS/Projeto/SIRS-Project/apache-zookeeper-3.6.2-bin/bin/../lib/zookeeper-prometheus-metrics-3.6.2.jar:/mnt/d/Uni/4ano1Semestre/SIRS/Projeto/SIRS-Project/apache-zookeeper-3.6.2-bin/bin/../lib/zookeeper-jute-3.6.2.jar:/mnt/d/Uni/4ano1Semestre/SIRS/Projeto/SIRS-Project/apache-zookeeper-3.6.2-bin/bin/../lib/zookeeper-3.6.2.jar:/mnt/d/Uni/4ano1Semestre/SIRS/Projeto/SIRS-Project/apache-zookeeper-3.6.2-bin/bin/../lib/snappy-java-1.1.7.jar:/mnt/d/Uni/4ano1Semestre/SIRS/Projeto/SIRS-Project/apache-zookeeper-3.6.2-bin/bin/../lib/slf4j-log4j12-1.7.25.jar:/mnt/d/Uni/4ano1Semestre/SIRS/Projeto/SIRS-Project/apache-zookeeper-3.6.2-bin/bin/../lib/slf4j-api-1.7.25.jar:/mnt/d/Uni/4ano1Semestre/SIRS/Projeto/SIRS-Project/apache-zookeeper-3.6.2-bin/bin/../lib/simpleclient_servlet-0.6.0.jar:/mnt/d/Uni/4ano1Semestre/SIRS/Projeto/SIRS-Project/apache-zookeeper-3.6.2-bin/bin/../lib/simpleclient_hotspot-0.6.0.jar:/mnt/d/Uni/4ano1Semestre/SIRS/Projeto/SIRS-Project/apache-zookeeper-3.6.2-bin/bin/../lib/simpleclient_common-0.6.0.jar:/mnt/d/Uni/4ano1Semestre/SIRS/Projeto/SIRS-Project/apache-zookeeper-3.6.2-bin/bin/../lib/simpleclient-0.6.0.jar:/mnt/d/Uni/4ano1Semestre/SIRS/Projeto/SIRS-Project/apache-zookeeper-3.6.2-bin/bin/../lib/netty-transport-native-unix-common-4.1.50.Final.jar:/mnt/d/Uni/4ano1Semestre/SIRS/Projeto/SIRS-Project/apache-zookeeper-3.6.2-bin/bin/../lib/netty-transport-native-epoll-4.1.50.Final.jar:/mnt/d/Uni/4ano1Semestre/SIRS/Projeto/SIRS-Project/apache-zookeeper-3.6.2-bin/bin/../lib/netty-transport-4.1.50.Final.jar:/mnt/d/Uni/4ano1Semestre/SIRS/Projeto/SIRS-Project/apache-zookeeper-3.6.2-bin/bin/../lib/netty-resolver-4.1.50.Final.jar:/mnt/d/Uni/4ano1Semestre/SIRS/Projeto/SIRS-Project/apache-zookeeper-3.6.2-bin/bin/../lib/netty-handler-4.1.50.Final.jar:/mnt/d/Uni/4ano1Semestre/SIRS/Projeto/SIRS-Project/apache-zookeeper-3.6.2-bin/bin/../lib/netty-common-4.1.50.Final.jar:/mnt/d/Uni/4ano1Semestre/SIRS/Projeto/SIRS-Project/apache-zookeeper-3.6.2-bin/bin/../lib/netty-codec-4.1.50.Final.jar:/mnt/d/Uni/4ano1Semestre/SIRS/Projeto/SIRS-Project/apache-zookeeper-3.6.2-bin/bin/../lib/netty-buffer-4.1.50.Final.jar:/mnt/d/Uni/4ano1Semestre/SIRS/Projeto/SIRS-Project/apache-zookeeper-3.6.2-bin/bin/../lib/metrics-core-3.2.5.jar:/mnt/d/Uni/4ano1Semestre/SIRS/Projeto/SIRS-Project/apache-zookeeper-3.6.2-bin/bin/../lib/log4j-1.2.17.jar:/mnt/d/Uni/4ano1Semestre/SIRS/Projeto/SIRS-Project/apache-zookeeper-3.6.2-bin/bin/../lib/json-simple-1.1.1.jar:/mnt/d/Uni/4ano1Semestre/SIRS/Projeto/SIRS-Project/apache-zookeeper-3.6.2-bin/bin/../lib/jline-2.14.6.jar:/mnt/d/Uni/4ano1Semestre/SIRS/Projeto/SIRS-Project/apache-zookeeper-3.6.2-bin/bin/../lib/jetty-util-9.4.24.v20191120.jar:/mnt/d/Uni/4ano1Semestre/SIRS/Projeto/SIRS-Project/apache-zookeeper-3.6.2-bin/bin/../lib/jetty-servlet-9.4.24.v20191120.jar:/mnt/d/Uni/4ano1Semestre/SIRS/Projeto/SIRS-Project/apache-zookeeper-3.6.2-bin/bin/../lib/jetty-server-9.4.24.v20191120.jar:/mnt/d/Uni/4ano1Semestre/SIRS/Projeto/SIRS-Project/apache-zookeeper-3.6.2-bin/bin/../lib/jetty-security-9.4.24.v20191120.jar:/mnt/d/Uni/4ano1Semestre/SIRS/Projeto/SIRS-Project/apache-zookeeper-3.6.2-bin/bin/../lib/jetty-io-9.4.24.v20191120.jar:/mnt/d/Uni/4ano1Semestre/SIRS/Projeto/SIRS-Project/apache-zookeeper-3.6.2-bin/bin/../lib/jetty-http-9.4.24.v20191120.jar:/mnt/d/Uni/4ano1Semestre/SIRS/Projeto/SIRS-Project/apache-zookeeper-3.6.2-bin/bin/../lib/javax.servlet-api-3.1.0.jar:/mnt/d/Uni/4ano1Semestre/SIRS/Projeto/SIRS-Project/apache-zookeeper-3.6.2-bin/bin/../lib/jackson-databind-2.10.3.jar:/mnt/d/Uni/4ano1Semestre/SIRS/Projeto/SIRS-Project/apache-zookeeper-3.6.2-bin/bin/../lib/jackson-core-2.10.3.jar:/mnt/d/Uni/4ano1Semestre/SIRS/Projeto/SIRS-Project/apache-zookeeper-3.6.2-bin/bin/../lib/jackson-annotations-2.10.3.jar:/mnt/d/Uni/4ano1Semestre/SIRS/Projeto/SIRS-Project/apache-zookeeper-3.6.2-bin/bin/../lib/commons-lang-2.6.jar:/mnt/d/Uni/4ano1Semestre/SIRS/Projeto/SIRS-Project/apache-zookeeper-3.6.2-bin/bin/../lib/commons-cli-1.2.jar:/mnt/d/Uni/4ano1Semestre/SIRS/Projeto/SIRS-Project/apache-zookeeper-3.6.2-bin/bin/../lib/audience-annotations-0.5.0.jar:/mnt/d/Uni/4ano1Semestre/SIRS/Projeto/SIRS-Project/apache-zookeeper-3.6.2-bin/bin/../zookeeper-*.jar:/mnt/d/Uni/4ano1Semestre/SIRS/Projeto/SIRS-Project/apache-zookeeper-3.6.2-bin/bin/../zookeeper-server/src/main/resources/lib/*.jar:/mnt/d/Uni/4ano1Semestre/SIRS/Projeto/SIRS-Project/apache-zookeeper-3.6.2-bin/bin/../conf:
2020-12-10 14:18:45,605 [myid:] - INFO  [main:Environment@98] - Server environment:java.library.path=/usr/java/packages/lib:/usr/lib64:/lib64:/lib:/usr/lib
2020-12-10 14:18:45,605 [myid:] - INFO  [main:Environment@98] - Server environment:java.io.tmpdir=/tmp
2020-12-10 14:18:45,606 [myid:] - INFO  [main:Environment@98] - Server environment:java.compiler=<NA>
2020-12-10 14:18:45,606 [myid:] - INFO  [main:Environment@98] - Server environment:os.name=Linux
2020-12-10 14:18:45,606 [myid:] - INFO  [main:Environment@98] - Server environment:os.arch=amd64
2020-12-10 14:18:45,606 [myid:] - INFO  [main:Environment@98] - Server environment:os.version=4.4.0-19041-Microsoft
2020-12-10 14:18:45,606 [myid:] - INFO  [main:Environment@98] - Server environment:user.name=mike_wazowski
2020-12-10 14:18:45,606 [myid:] - INFO  [main:Environment@98] - Server environment:user.home=/home/mike_wazowski
2020-12-10 14:18:45,606 [myid:] - INFO  [main:Environment@98] - Server environment:user.dir=/mnt/d/Uni/4ano1Semestre/SIRS/Projeto/SIRS-Project/apache-zookeeper-3.6.2-bin/bin
2020-12-10 14:18:45,606 [myid:] - INFO  [main:Environment@98] - Server environment:os.memory.free=244MB
2020-12-10 14:18:45,606 [myid:] - INFO  [main:Environment@98] - Server environment:os.memory.max=1000MB
2020-12-10 14:18:45,606 [myid:] - INFO  [main:Environment@98] - Server environment:os.memory.total=258MB
2020-12-10 14:18:45,606 [myid:] - INFO  [main:ZooKeeperServer@129] - zookeeper.enableEagerACLCheck = false
2020-12-10 14:18:45,606 [myid:] - INFO  [main:ZooKeeperServer@137] - zookeeper.digest.enabled = true
2020-12-10 14:18:45,606 [myid:] - INFO  [main:ZooKeeperServer@141] - zookeeper.closeSessionTxn.enabled = true
2020-12-10 14:18:45,607 [myid:] - INFO  [main:ZooKeeperServer@1444] - zookeeper.flushDelay=0
2020-12-10 14:18:45,607 [myid:] - INFO  [main:ZooKeeperServer@1453] - zookeeper.maxWriteQueuePollTime=0
2020-12-10 14:18:45,607 [myid:] - INFO  [main:ZooKeeperServer@1462] - zookeeper.maxBatchSize=1000
2020-12-10 14:18:45,607 [myid:] - INFO  [main:ZooKeeperServer@243] - zookeeper.intBufferStartingSizeBytes = 1024
2020-12-10 14:18:45,608 [myid:] - INFO  [main:BlueThrottle@141] - Weighed connection throttling is disabled
2020-12-10 14:18:45,609 [myid:] - INFO  [main:ZooKeeperServer@1256] - minSessionTimeout set to 4000
2020-12-10 14:18:45,609 [myid:] - INFO  [main:ZooKeeperServer@1265] - maxSessionTimeout set to 40000
2020-12-10 14:18:45,610 [myid:] - INFO  [main:ResponseCache@45] - Response cache size is initialized with value 400.
2020-12-10 14:18:45,610 [myid:] - INFO  [main:ResponseCache@45] - Response cache size is initialized with value 400.
2020-12-10 14:18:45,611 [myid:] - INFO  [main:RequestPathMetricsCollector@111] - zookeeper.pathStats.slotCapacity = 60
2020-12-10 14:18:45,611 [myid:] - INFO  [main:RequestPathMetricsCollector@112] - zookeeper.pathStats.slotDuration = 15
2020-12-10 14:18:45,611 [myid:] - INFO  [main:RequestPathMetricsCollector@113] - zookeeper.pathStats.maxDepth = 6
2020-12-10 14:18:45,611 [myid:] - INFO  [main:RequestPathMetricsCollector@114] - zookeeper.pathStats.initialDelay = 5
2020-12-10 14:18:45,611 [myid:] - INFO  [main:RequestPathMetricsCollector@115] - zookeeper.pathStats.delay = 5
2020-12-10 14:18:45,611 [myid:] - INFO  [main:RequestPathMetricsCollector@116] - zookeeper.pathStats.enabled = false
2020-12-10 14:18:45,613 [myid:] - INFO  [main:ZooKeeperServer@1481] - The max bytes for all large requests are set to 104857600
2020-12-10 14:18:45,613 [myid:] - INFO  [main:ZooKeeperServer@1495] - The large request threshold is set to -1
2020-12-10 14:18:45,614 [myid:] - INFO  [main:ZooKeeperServer@339] - Created server with tickTime 2000 minSessionTimeout 4000 maxSessionTimeout 40000 clientPortListenBacklog -1 datadir /mnt/d/Uni/4ano1Semestre/SIRS/Projeto/SIRS-Project/apache-zookeeper-3.6.2-bin/data/version-2 snapdir /mnt/d/Uni/4ano1Semestre/SIRS/Projeto/SIRS-Project/apache-zookeeper-3.6.2-bin/data/version-2
2020-12-10 14:18:45,638 [myid:] - INFO  [main:Log@169] - Logging initialized @1252ms to org.eclipse.jetty.util.log.Slf4jLog
2020-12-10 14:18:45,717 [myid:] - WARN  [main:ContextHandler@1520] - o.e.j.s.ServletContextHandler@59662a0b{/,null,UNAVAILABLE} contextPath ends with /*
2020-12-10 14:18:45,717 [myid:] - WARN  [main:ContextHandler@1531] - Empty contextPath
2020-12-10 14:18:45,741 [myid:] - INFO  [main:Server@359] - jetty-9.4.24.v20191120; built: 2019-11-20T21:37:49.771Z; git: 363d5f2df3a8a28de40604320230664b9c793c16; jvm 14+36-1461
2020-12-10 14:18:45,767 [myid:] - INFO  [main:DefaultSessionIdManager@333] - DefaultSessionIdManager workerName=node0
2020-12-10 14:18:45,767 [myid:] - INFO  [main:DefaultSessionIdManager@338] - No SessionScavenger set, using defaults
2020-12-10 14:18:45,768 [myid:] - INFO  [main:HouseKeeper@140] - node0 Scavenging every 600000ms
2020-12-10 14:18:45,775 [myid:] - WARN  [main:ConstraintSecurityHandler@757] - ServletContext@o.e.j.s.ServletContextHandler@59662a0b{/,null,STARTING} has uncovered http methods for path: /*
2020-12-10 14:18:45,795 [myid:] - INFO  [main:ContextHandler@825] - Started o.e.j.s.ServletContextHandler@59662a0b{/,null,AVAILABLE}
2020-12-10 14:18:45,808 [myid:] - INFO  [main:AbstractConnector@330] - Started ServerConnector@1cbbffcd{HTTP/1.1,[http/1.1]}{0.0.0.0:8080}
2020-12-10 14:18:45,809 [myid:] - INFO  [main:Server@399] - Started @1422ms
2020-12-10 14:18:45,809 [myid:] - INFO  [main:JettyAdminServer@182] - Started AdminServer on address 0.0.0.0, port 8080 and command URL /commands
2020-12-10 14:18:45,813 [myid:] - INFO  [main:ServerCnxnFactory@169] - Using org.apache.zookeeper.server.NIOServerCnxnFactory as server connection factory
2020-12-10 14:18:45,815 [myid:] - WARN  [main:ServerCnxnFactory@309] - maxCnxns is not configured, using default value 0.
2020-12-10 14:18:45,815 [myid:] - INFO  [main:NIOServerCnxnFactory@666] - Configuring NIO connection handler with 10s sessionless connection timeout, 2 selector thread(s), 32 worker threads, and 64 kB direct buffers.
2020-12-10 14:18:45,816 [myid:] - INFO  [main:NIOServerCnxnFactory@674] - binding to port 0.0.0.0/0.0.0.0:2181
2020-12-10 14:18:45,828 [myid:] - INFO  [main:WatchManagerFactory@42] - Using org.apache.zookeeper.server.watch.WatchManager as watch manager
2020-12-10 14:18:45,828 [myid:] - INFO  [main:WatchManagerFactory@42] - Using org.apache.zookeeper.server.watch.WatchManager as watch manager
2020-12-10 14:18:45,828 [myid:] - INFO  [main:ZKDatabase@132] - zookeeper.snapshotSizeFactor = 0.33
2020-12-10 14:18:45,829 [myid:] - INFO  [main:ZKDatabase@152] - zookeeper.commitLogCount=500
2020-12-10 14:18:45,831 [myid:] - INFO  [main:SnapStream@61] - zookeeper.snapshot.compression.method = CHECKED
2020-12-10 14:18:45,851 [myid:] - INFO  [main:FileSnap@85] - Reading snapshot /mnt/d/Uni/4ano1Semestre/SIRS/Projeto/SIRS-Project/apache-zookeeper-3.6.2-bin/data/version-2/snapshot.35
2020-12-10 14:18:45,854 [myid:] - INFO  [main:DataTree@1730] - The digest in the snapshot has digest version of 2, , with zxid as 0x35, and digest value as 12412611844
2020-12-10 14:18:45,945 [myid:] - INFO  [main:FileTxnSnapLog@363] - 399 txns loaded in 22 ms
2020-12-10 14:18:45,945 [myid:] - INFO  [main:ZKDatabase@289] - Snapshot loaded in 116 ms, highest zxid is 0x1c4, digest is 10345762509
2020-12-10 14:18:45,945 [myid:] - INFO  [main:FileTxnSnapLog@470] - Snapshotting: 0x1c4 to /mnt/d/Uni/4ano1Semestre/SIRS/Projeto/SIRS-Project/apache-zookeeper-3.6.2-bin/data/version-2/snapshot.1c4
2020-12-10 14:18:45,950 [myid:] - INFO  [main:ZooKeeperServer@529] - Snapshot taken in 4 ms
2020-12-10 14:18:45,958 [myid:] - INFO  [ProcessThread(sid:0 cport:2181)::PrepRequestProcessor@136] - PrepRequestProcessor (sid:0) started, reconfigEnabled=false
2020-12-10 14:18:45,958 [myid:] - INFO  [main:RequestThrottler@74] - zookeeper.request_throttler.shutdownTimeout = 10000
2020-12-10 14:18:45,969 [myid:] - INFO  [main:ContainerManager@83] - Using checkIntervalMs=60000 maxPerMinute=10000 maxNeverUsedIntervalMs=0
2020-12-10 14:18:45,969 [myid:] - INFO  [main:ZKAuditProvider@42] - ZooKeeper audit is disabled.
2020-12-10 14:19:02,463 [myid:] - INFO  [SyncThread:0:FileTxnLog@284] - Creating new log file: log.1c5
2020-12-10 14:19:16,259 [myid:] - INFO  [SessionTracker:ZooKeeperServer@610] - Expiring session 0x1000591cd69000a, timeout of 30000ms exceeded
2020-12-10 14:37:16,031 [myid:] - WARN  [NIOWorkerThread-15:NIOServerCnxn@364] - Unexpected exception
EndOfStreamException: Unable to read additional data from client, it probably closed the socket: address = /127.0.0.1:56647, session = 0x1000001f2d30017
	at org.apache.zookeeper.server.NIOServerCnxn.handleFailedRead(NIOServerCnxn.java:163)
	at org.apache.zookeeper.server.NIOServerCnxn.doIO(NIOServerCnxn.java:326)
	at org.apache.zookeeper.server.NIOServerCnxnFactory$IOWorkRequest.doWork(NIOServerCnxnFactory.java:522)
	at org.apache.zookeeper.server.WorkerService$ScheduledWorkRequest.run(WorkerService.java:154)
	at java.base/java.util.concurrent.ThreadPoolExecutor.runWorker(ThreadPoolExecutor.java:1130)
	at java.base/java.util.concurrent.ThreadPoolExecutor$Worker.run(ThreadPoolExecutor.java:630)
	at java.base/java.lang.Thread.run(Thread.java:832)
2020-12-10 14:37:20,259 [myid:] - INFO  [SessionTracker:ZooKeeperServer@610] - Expiring session 0x1000001f2d30017, timeout of 5000ms exceeded
2020-12-10 14:47:24,918 [myid:] - WARN  [NIOWorkerThread-22:NIOServerCnxn@364] - Unexpected exception
EndOfStreamException: Unable to read additional data from client, it probably closed the socket: address = /127.0.0.1:56733, session = 0x1000001f2d3002d
	at org.apache.zookeeper.server.NIOServerCnxn.handleFailedRead(NIOServerCnxn.java:163)
	at org.apache.zookeeper.server.NIOServerCnxn.doIO(NIOServerCnxn.java:326)
	at org.apache.zookeeper.server.NIOServerCnxnFactory$IOWorkRequest.doWork(NIOServerCnxnFactory.java:522)
	at org.apache.zookeeper.server.WorkerService$ScheduledWorkRequest.run(WorkerService.java:154)
	at java.base/java.util.concurrent.ThreadPoolExecutor.runWorker(ThreadPoolExecutor.java:1130)
	at java.base/java.util.concurrent.ThreadPoolExecutor$Worker.run(ThreadPoolExecutor.java:630)
	at java.base/java.lang.Thread.run(Thread.java:832)
2020-12-10 14:47:30,256 [myid:] - INFO  [SessionTracker:ZooKeeperServer@610] - Expiring session 0x1000001f2d3002d, timeout of 5000ms exceeded
2020-12-10 15:12:00,636 [myid:] - WARN  [NIOWorkerThread-4:NIOServerCnxn@364] - Unexpected exception
EndOfStreamException: Unable to read additional data from client, it probably closed the socket: address = /127.0.0.1:56921, session = 0x1000001f2d30039
	at org.apache.zookeeper.server.NIOServerCnxn.handleFailedRead(NIOServerCnxn.java:163)
	at org.apache.zookeeper.server.NIOServerCnxn.doIO(NIOServerCnxn.java:326)
	at org.apache.zookeeper.server.NIOServerCnxnFactory$IOWorkRequest.doWork(NIOServerCnxnFactory.java:522)
	at org.apache.zookeeper.server.WorkerService$ScheduledWorkRequest.run(WorkerService.java:154)
	at java.base/java.util.concurrent.ThreadPoolExecutor.runWorker(ThreadPoolExecutor.java:1130)
	at java.base/java.util.concurrent.ThreadPoolExecutor$Worker.run(ThreadPoolExecutor.java:630)
	at java.base/java.lang.Thread.run(Thread.java:832)
2020-12-10 15:12:04,261 [myid:] - INFO  [SessionTracker:ZooKeeperServer@610] - Expiring session 0x1000001f2d30039, timeout of 5000ms exceeded
2020-12-10 15:26:52,753 [myid:] - WARN  [NIOWorkerThread-10:NIOServerCnxn@364] - Unexpected exception
EndOfStreamException: Unable to read additional data from client, it probably closed the socket: address = /127.0.0.1:57045, session = 0x1000001f2d30045
	at org.apache.zookeeper.server.NIOServerCnxn.handleFailedRead(NIOServerCnxn.java:163)
	at org.apache.zookeeper.server.NIOServerCnxn.doIO(NIOServerCnxn.java:326)
	at org.apache.zookeeper.server.NIOServerCnxnFactory$IOWorkRequest.doWork(NIOServerCnxnFactory.java:522)
	at org.apache.zookeeper.server.WorkerService$ScheduledWorkRequest.run(WorkerService.java:154)
	at java.base/java.util.concurrent.ThreadPoolExecutor.runWorker(ThreadPoolExecutor.java:1130)
	at java.base/java.util.concurrent.ThreadPoolExecutor$Worker.run(ThreadPoolExecutor.java:630)
	at java.base/java.lang.Thread.run(Thread.java:832)
2020-12-10 15:26:56,256 [myid:] - INFO  [SessionTracker:ZooKeeperServer@610] - Expiring session 0x1000001f2d30045, timeout of 5000ms exceeded
